This is pdfTeX, Version 3.141592653-2.6-1.40.24 (TeX Live 2022) (preloaded format=pdflatex 2022.11.13)  30 MAY 2023 13:24
entering extended mode
 restricted \write18 enabled.
 %&-line parsing enabled.
**first_page.tex
(./first_page.tex
LaTeX2e <2021-11-15> patch level 1
L3 programming layer <2022-02-24>
! Undefined control sequence.
l.3 \pdfbookmark
                [0]{Title}{title}
The control sequence at the end of the top line
of your error message was never \def'ed. If you have
misspelled it (e.g., `\hobx'), type `I' and the correct
spelling (e.g., `I\hbox'). Otherwise just continue,
and I'll forget about whatever was undefined.


! LaTeX Error: Missing \begin{document}.

See the LaTeX manual or LaTeX Companion for explanation.
Type  H <return>  for immediate help.
 ...                                              
                                                  
l.3 \pdfbookmark[
                 0]{Title}{title}
You're in trouble here.  Try typing  <return>  to proceed.
If that doesn't work, type  X <return>  to quit.

Missing character: There is no [ in font nullfont!
Missing character: There is no 0 in font nullfont!
Missing character: There is no ] in font nullfont!
Missing character: There is no T in font nullfont!
Missing character: There is no i in font nullfont!
Missing character: There is no t in font nullfont!
Missing character: There is no l in font nullfont!
Missing character: There is no e in font nullfont!
Missing character: There is no t in font nullfont!
Missing character: There is no i in font nullfont!
Missing character: There is no t in font nullfont!
Missing character: There is no l in font nullfont!
Missing character: There is no e in font nullfont!
! Undefined control sequence.
<argument> \undefinedpagestyle 
                               
l.4 \thispagestyle{fancy}
                         
The control sequence at the end of the top line
of your error message was never \def'ed. If you have
misspelled it (e.g., `\hobx'), type `I' and the correct
spelling (e.g., `I\hbox'). Otherwise just continue,
and I'll forget about whatever was undefined.

! Undefined control sequence.
l.5 \newgeometry
                {left=3cm, right=3cm, top=2.79cm, bottom=2cm}
The control sequence at the end of the top line
of your error message was never \def'ed. If you have
misspelled it (e.g., `\hobx'), type `I' and the correct
spelling (e.g., `I\hbox'). Otherwise just continue,
and I'll forget about whatever was undefined.

Missing character: There is no l in font nullfont!
Missing character: There is no e in font nullfont!
Missing character: There is no f in font nullfont!
Missing character: There is no t in font nullfont!
Missing character: There is no = in font nullfont!
Missing character: There is no 3 in font nullfont!
Missing character: There is no c in font nullfont!
Missing character: There is no m in font nullfont!
Missing character: There is no , in font nullfont!
Missing character: There is no r in font nullfont!
Missing character: There is no i in font nullfont!
Missing character: There is no g in font nullfont!
Missing character: There is no h in font nullfont!
Missing character: There is no t in font nullfont!
Missing character: There is no = in font nullfont!
Missing character: There is no 3 in font nullfont!
Missing character: There is no c in font nullfont!
Missing character: There is no m in font nullfont!
Missing character: There is no , in font nullfont!
Missing character: There is no t in font nullfont!
Missing character: There is no o in font nullfont!
Missing character: There is no p in font nullfont!
Missing character: There is no = in font nullfont!
Missing character: There is no 2 in font nullfont!
Missing character: There is no . in font nullfont!
Missing character: There is no 7 in font nullfont!
Missing character: There is no 9 in font nullfont!
Missing character: There is no c in font nullfont!
Missing character: There is no m in font nullfont!
Missing character: There is no , in font nullfont!
Missing character: There is no b in font nullfont!
Missing character: There is no o in font nullfont!
Missing character: There is no t in font nullfont!
Missing character: There is no t in font nullfont!
Missing character: There is no o in font nullfont!
Missing character: There is no m in font nullfont!
Missing character: There is no = in font nullfont!
Missing character: There is no 2 in font nullfont!
Missing character: There is no c in font nullfont!
Missing character: There is no m in font nullfont!
! Undefined control sequence.
l.6 \fancyhead
              [R]{\slshape \textsf{Feijie.Jia21 - \textup{CAN102 Coursework ...
The control sequence at the end of the top line
of your error message was never \def'ed. If you have
misspelled it (e.g., `\hobx'), type `I' and the correct
spelling (e.g., `I\hbox'). Otherwise just continue,
and I'll forget about whatever was undefined.

Missing character: There is no [ in font nullfont!
Missing character: There is no R in font nullfont!
Missing character: There is no ] in font nullfont!
! Undefined control sequence.
l.7 \fancyfoot
              {}
The control sequence at the end of the top line
of your error message was never \def'ed. If you have
misspelled it (e.g., `\hobx'), type `I' and the correct
spelling (e.g., `I\hbox'). Otherwise just continue,
and I'll forget about whatever was undefined.


! LaTeX Error: Command \headrulewidth undefined.

See the LaTeX manual or LaTeX Companion for explanation.
Type  H <return>  for immediate help.
 ...                                              
                                                  
l.8 \renewcommand{\headrulewidth}
                                 {0pt}
Try typing  <return>  to proceed.
If that doesn't work, type  X <return>  to quit.


Overfull \hbox (20.0pt too wide) in paragraph at lines 3--9
[]
 []


Overfull \hbox (15.58334pt too wide) in paragraph at lines 3--9
\OT1/cmss/m/sl/10 Fei-
 []


Overfull \hbox (34.1945pt too wide) in paragraph at lines 3--9
\OT1/cmss/m/sl/10 jie.Jia21
 []


Overfull \hbox (3.33333pt too wide) in paragraph at lines 3--9
\OT1/cmss/m/sl/10 -
 []


Overfull \hbox (35.139pt too wide) in paragraph at lines 3--9
\OT1/cmss/m/n/10 CAN102
 []


Overfull \hbox (31.58337pt too wide) in paragraph at lines 3--9
\OT1/cmss/m/n/10 Course-
 []


Overfull \hbox (19.5834pt too wide) in paragraph at lines 3--9
\OT1/cmss/m/n/10 work
 []


Overfull \hbox (5.00002pt too wide) in paragraph at lines 3--9
\OT1/cmss/m/n/10 2
 []


Overfull \hbox (3.33333pt too wide) in paragraph at lines 3--9
\OT1/cmss/m/sl/10 -
 []


Overfull \hbox (40.55568pt too wide) in paragraph at lines 3--9
\OT1/cmss/m/sl/10 2022.5.21
 []


! LaTeX Error: Missing \begin{document}.

See the LaTeX manual or LaTeX Companion for explanation.
Type  H <return>  for immediate help.
 ...                                              
                                                  
l.10 \begin{center}
                   
You're in trouble here.  Try typing  <return>  to proceed.
If that doesn't work, type  X <return>  to quit.


Overfull \hbox (20.0pt too wide) in paragraph at lines 10--10
[] 
 []

! Undefined control sequence.
l.12 	\includegraphics
                      *[scale = 0.3]{pics/XJTLU.png}\par
The control sequence at the end of the top line
of your error message was never \def'ed. If you have
misspelled it (e.g., `\hobx'), type `I' and the correct
spelling (e.g., `I\hbox'). Otherwise just continue,
and I'll forget about whatever was undefined.

Missing character: There is no * in font nullfont!
Missing character: There is no [ in font nullfont!
Missing character: There is no s in font nullfont!
Missing character: There is no c in font nullfont!
Missing character: There is no a in font nullfont!
Missing character: There is no l in font nullfont!
Missing character: There is no e in font nullfont!
Missing character: There is no = in font nullfont!
Missing character: There is no 0 in font nullfont!
Missing character: There is no . in font nullfont!
Missing character: There is no 3 in font nullfont!
Missing character: There is no ] in font nullfont!
Missing character: There is no p in font nullfont!
Missing character: There is no i in font nullfont!
Missing character: There is no c in font nullfont!
Missing character: There is no s in font nullfont!
Missing character: There is no / in font nullfont!
Missing character: There is no X in font nullfont!
Missing character: There is no J in font nullfont!
Missing character: There is no T in font nullfont!
Missing character: There is no L in font nullfont!
Missing character: There is no U in font nullfont!
Missing character: There is no . in font nullfont!
Missing character: There is no p in font nullfont!
Missing character: There is no n in font nullfont!
Missing character: There is no g in font nullfont!
! Undefined control sequence.
l.14 	\slshape{\LARGE
                      University of Xi'an Jiaotong-Liverpool}\\[2.5ex]\par
The control sequence at the end of the top line
of your error message was never \def'ed. If you have
misspelled it (e.g., `\hobx'), type `I' and the correct
spelling (e.g., `I\hbox'). Otherwise just continue,
and I'll forget about whatever was undefined.


Overfull \hbox (44.80565pt too wide) in paragraph at lines 14--14
 []\OT1/cmr/m/sl/10 University 
 []


Overfull \hbox (8.05559pt too wide) in paragraph at lines 14--14
 \OT1/cmr/m/sl/10 of 
 []


Overfull \hbox (23.61118pt too wide) in paragraph at lines 14--14
 \OT1/cmr/m/sl/10 Xi'an 
 []


Overfull \hbox (40.69455pt too wide) in paragraph at lines 14--14
 \OT1/cmr/m/sl/10 Jiaotong- 
 []


Overfull \hbox (41.2779pt too wide) in paragraph at lines 14--14
 \OT1/cmr/m/sl/10 Liverpool 
 []

! Undefined control sequence.
l.16 	\slshape{\Large
                      School of Advanced Technology}\\[10ex]\par
The control sequence at the end of the top line
of your error message was never \def'ed. If you have
misspelled it (e.g., `\hobx'), type `I' and the correct
spelling (e.g., `I\hbox'). Otherwise just continue,
and I'll forget about whatever was undefined.


Overfull \hbox (28.3334pt too wide) in paragraph at lines 16--16
 []\OT1/cmr/m/sl/10 School 
 []


Overfull \hbox (8.05559pt too wide) in paragraph at lines 16--16
 \OT1/cmr/m/sl/10 of 
 []


Overfull \hbox (16.38892pt too wide) in paragraph at lines 16--16
 \OT1/cmr/m/sl/10 Ad- 
 []


Overfull \hbox (29.72229pt too wide) in paragraph at lines 16--16
 \OT1/cmr/m/sl/10 vanced 
 []


Overfull \hbox (23.88889pt too wide) in paragraph at lines 16--16
 \OT1/cmr/m/sl/10 Tech- 
 []


Overfull \hbox (16.6667pt too wide) in paragraph at lines 16--16
 \OT1/cmr/m/sl/10 nol- 
 []


Overfull \hbox (15.27783pt too wide) in paragraph at lines 16--16
 \OT1/cmr/m/sl/10 ogy 
 []

! Undefined control sequence.
<recently read> \Huge 
                      
l.19 ...series CAN102: Single-phase Transformers}}
                                                  \\[2ex]\par
The control sequence at the end of the top line
of your error message was never \def'ed. If you have
misspelled it (e.g., `\hobx'), type `I' and the correct
spelling (e.g., `I\hbox'). Otherwise just continue,
and I'll forget about whatever was undefined.


Overfull \hbox (41.86134pt too wide) in paragraph at lines 19--19
 []\OT1/cmss/bx/n/10 CAN102: 
 []


Overfull \hbox (31.11124pt too wide) in paragraph at lines 19--19
 \OT1/cmss/bx/n/10 Single- 
 []


Overfull \hbox (25.80011pt too wide) in paragraph at lines 19--19
 \OT1/cmss/bx/n/10 phase 
 []


Overfull \hbox (28.88348pt too wide) in paragraph at lines 19--19
 \OT1/cmss/bx/n/10 Trans- 
 []


Overfull \hbox (24.61124pt too wide) in paragraph at lines 19--19
 \OT1/cmss/bx/n/10 form- 
 []


Overfull \hbox (13.05006pt too wide) in paragraph at lines 19--19
 \OT1/cmss/bx/n/10 ers 
 []


Overfull \hbox (8191.99998pt too wide) in paragraph at lines 20--20
 [] 
 []

! Undefined control sequence.
l.25 		\Large
              ID: \hfill 2145007\\[0.8ex]\par
The control sequence at the end of the top line
of your error message was never \def'ed. If you have
misspelled it (e.g., `\hobx'), type `I' and the correct
spelling (e.g., `I\hbox'). Otherwise just continue,
and I'll forget about whatever was undefined.


Overfull \hbox (74.0279pt too wide) in paragraph at lines 25--25
 []\OT1/cmr/m/sl/10 ID: 
 []


Overfull \hbox (95.0002pt too wide) in paragraph at lines 25--25
 \OT1/cmr/m/sl/10 2145007 
 []

! Undefined control sequence.
<recently read> \Large 
                       
l.26 		\textup{\Large Name: \hfill Feijie.Jia}
                                              \\[0.8ex]\par
The control sequence at the end of the top line
of your error message was never \def'ed. If you have
misspelled it (e.g., `\hobx'), type `I' and the correct
spelling (e.g., `I\hbox'). Otherwise just continue,
and I'll forget about whatever was undefined.


Overfull \hbox (88.05571pt too wide) in paragraph at lines 26--26
 []\OT1/cmr/m/n/10 Name: 
 []


Overfull \hbox (76.2501pt too wide) in paragraph at lines 26--26
 \OT1/cmr/m/n/10 Fei- 
 []


Overfull \hbox (85.97238pt too wide) in paragraph at lines 26--26
 \OT1/cmr/m/n/10 jie.Jia 
 []

! Undefined control sequence.
<recently read> \Large 
                       
l.27 ... \hfill Feijie.Jia21@student.xjtlu.edu.cn}
                                                  \par
The control sequence at the end of the top line
of your error message was never \def'ed. If you have
misspelled it (e.g., `\hobx'), type `I' and the correct
spelling (e.g., `I\hbox'). Otherwise just continue,
and I'll forget about whatever was undefined.


Overfull \hbox (88.4724pt too wide) in paragraph at lines 27--27
 []\OT1/cmr/m/n/10 Email: 
 []


Overfull \hbox (76.2501pt too wide) in paragraph at lines 27--27
 \OT1/cmr/m/n/10 Fei- 
 []


Overfull \hbox (190.75043pt too wide) in paragraph at lines 27--27
 \OT1/cmr/m/n/10 jie.Jia21@student.xjtlu.edu.cn 
 []

! Undefined control sequence.
<recently read> \Large 
                       
l.31 	\noindent \textup{\Large May 21, 2023}
                                            
The control sequence at the end of the top line
of your error message was never \def'ed. If you have
misspelled it (e.g., `\hobx'), type `I' and the correct
spelling (e.g., `I\hbox'). Otherwise just continue,
and I'll forget about whatever was undefined.


Overfull \hbox (19.16672pt too wide) in paragraph at lines 31--33
 \OT1/cmr/m/n/10 May 
 []


Overfull \hbox (12.77782pt too wide) in paragraph at lines 31--33
 \OT1/cmr/m/n/10 21, 
 []


Overfull \hbox (20.00006pt too wide) in paragraph at lines 31--33
 \OT1/cmr/m/n/10 2023 
 []


! LaTeX Error: The font size command \normalsize is not defined:
               there is probably something wrong with the class file.

See the LaTeX manual or LaTeX Companion for explanation.
Type  H <return>  for immediate help.
 ...                                              
                                                  
l.34 \clearpage
               
Your command was ignored.
Type  I <command> <return>  to replace it with another command,
or  <return>  to continue without it.

[1{e:/texlive/2022/texmf-var/fonts/map/pdftex/updmap/pdftex.map}])
! Emergency stop.
<*> first_page.tex
                  
*** (job aborted, no legal \end found)

 
Here is how much of TeX's memory you used:
 30 strings out of 478268
 545 string characters out of 5850344
 293375 words of memory out of 5000000
 18333 multiletter control sequences out of 15000+600000
 470567 words of font info for 32 fonts, out of 8000000 for 9000
 1141 hyphenation exceptions out of 8191
 24i,5n,23p,146b,190s stack positions out of 10000i,1000n,20000p,200000b,200000s
!  ==> Fatal error occurred, no output PDF file produced!
